
OpenSBI v0.4 (Jul  2 2019 11:53:53)
   ____                    _____ ____ _____
  / __ \                  / ____|  _ \_   _|
 | |  | |_ __   ___ _ __ | (___ | |_) || |
 | |  | | '_ \ / _ \ '_ \ \___ \|  _ < | |
 | |__| | |_) |  __/ | | |____) | |_) || |_
  \____/| .__/ \___|_| |_|_____/|____/_____|
        | |
        |_|

Platform Name          : QEMU Virt Machine
Platform HART Features : RV64ACDFIMSU
Platform Max HARTs     : 8
Current Hart           : 0
Firmware Base          : 0x80000000
Firmware Size          : 112 KB
Runtime SBI Version    : 0.1

PMP0: 0x0000000080000000-0x000000008001ffff (A)
PMP1: 0x0000000000000000-0xffffffffffffffff (A,R,W,X)
DTB Init
HartID: 0
DTB Address: 0x82200000
Physical Memory from DTB:
  Base: 0x0000000080000000
  Size: 0x0000000008000000 (128 MB)
  End:  0x0000000087ffffff
DTB init completed
(THU.CST) os is loading ...

Special kernel symbols:
  entry  0xc020004a (virtual)
  etext  0xc020597e (virtual)
  edata  0xc0297310 (virtual)
  end    0xc029b7b8 (virtual)
Kernel executable memory footprint: 622KB
memory management: default_pmm_manager
physcial memory map:
  memory: 0x08000000, [0x80000000, 0x87ffffff].
vapaofset is 18446744070488326144
check_alloc_page() succeeded!
check_pgdir() succeeded!
check_boot_pgdir() succeeded!
use SLOB allocator
kmalloc_init() succeeded!
check_vma_struct() succeeded!
check_vmm() succeeded.
++ setup timer interrupts
kernel_execve: pid = 2, name = "forktest".
Breakpoint
I aLoad page fault
not valid addr 0, and  can not find it in vma
trapframe at 0xffffffffc0624ee0
  zero     0x00000000
  ra       0x00000000
  sp       0x7ffffed0
  gp       0x00000000
  tp       0x00000000
  t0       0x00000000
  t1       0x7ffffec0
  t2       0x00000000
  s0       0x0080071b
  s1       0x00800068
  a0       0x00000000
  a1       0x00000000
  a2       0x00800718
  a3       0x7fffff98
  a4       0x00000000
  a5       0x00000002
  a6       0x00000000
  a7       0x00000000
  s2       0x7fffff74
  s3       0x00000025
  s4       0x7fffff98
  s5       0x00800798
  s6       0x00000055
  s7       0x00000000
  s8       0x00800718
  s9       0x00000000
  s10      0x00000000
  s11      0x00000000
  t3       0x00000000
  t4       0x00000000
  t5       0x00000000
  t6       0x00000000
  status   0x00046020
  epc      0x00800076
  tval 0x00000000
  cause    0x0000000d
I am child 30
I am child 29
I am child 28
I am child 27
I am child 26
I am child 25
I am child 24
I am child 23
I am child 22
I am child 21
I am child 20
I am child 19
I am child 18
I am child 17
I am child 16
I am child 15
I am child 14
I am child 13
I am child 12
I am child 11
I am child 10
I am child 9
I am child 8
I am child 7
I am child 6
I am child 5
I am child 4
I am child 3
I am child 2
I am child 1
I am child 0
forktest pass.
all user-mode processes have quit.
init check memory pass.
kernel panic at kern/process/proc.c:519:
    initproc exit.

